2018-05-20 23:19:52,265-luffy-INFO-account_name:luffy, have bought [],and the total cost:0
2018-05-20 23:21:16,925-luffy-INFO-account_name:luffy, have bought [],and the total cost:0
2018-05-20 23:21:16,925-luffy-INFO-account_name:luffy, have bought [],and the total cost:0
2018-05-20 23:21:54,710-luffy-INFO-account_name:luffy, have bought ['T-shirt', 'keyboard', 'shoes'],and the total cost:600.0
2018-05-20 23:21:54,710-luffy-INFO-account_name:luffy, have bought ['T-shirt', 'keyboard', 'shoes'],and the total cost:600.0
2018-05-20 23:21:54,710-luffy-INFO-account_name:luffy, have bought ['T-shirt', 'keyboard', 'shoes'],and the total cost:600.0
2018-05-20 23:32:46,406-luffy-INFO-account_name:luffy, have bought [],and the total cost:0
2018-05-20 23:33:15,823-luffy-INFO-account_name:luffy, have bought ['keyboard'],and the total cost:100.0
2018-05-20 23:33:15,823-luffy-INFO-account_name:luffy, have bought ['keyboard'],and the total cost:100.0
2018-05-20 23:43:40,688-luffy-INFO-account_name:luffy, have bought ['phone'],and the total cost:3500.0
2018-05-20 23:44:02,150-luffy-INFO-account_name:luffy, have bought ['shoes'],and the total cost:400.0
2018-05-20 23:44:02,150-luffy-INFO-account_name:luffy, have bought ['shoes'],and the total cost:400.0
2018-05-20 23:47:06,491-luffy-INFO-account_name:luffy, have bought ['keyboard'],and the total cost:100.0
2018-05-20 23:47:41,276-luffy-INFO-account_name:luffy, have bought ['phone'],and the total cost:3500.0
2018-05-20 23:47:41,276-luffy-INFO-account_name:luffy, have bought ['phone'],and the total cost:3500.0
2018-03-20 23:47:57,749-luffy-INFO-account_name:luffy, have bought ['keyboard'],and the total cost:100.0
2018-03-20 23:47:57,749-luffy-INFO-account_name:luffy, have bought ['keyboard'],and the total cost:100.0
2018-05-20 23:47:57,749-luffy-INFO-account_name:luffy, have bought ['keyboard'],and the total cost:100.0
2018-05-20 23:49:09,529-luffy-INFO-account_name:luffy, have bought [],and the total cost:0
2018-04-20 23:49:32,900-luffy-INFO-account_name:luffy, have bought ['T-shirt'],and the total cost:100.0
2018-04-20 23:49:32,900-luffy-INFO-account_name:luffy, have bought ['T-shirt'],and the total cost:100.0
2018-05-21 18:27:54,491-luffy-INFO-account_name:luffy, have bought ['computer', 'TV'],and the total cost:9000.0
